<?xml version="1.0" encoding="UTF-8"?>
<coverage generated="1691650529472" clover="3.2.0">
  <project timestamp="1691650529472" name="All files">
    <metrics statements="42" coveredstatements="42" conditionals="23" coveredconditionals="21" methods="15" coveredmethods="15" elements="80" coveredelements="78" complexity="0" loc="42" ncloc="42" packages="1" files="1" classes="1"/>
    <file name="gilded_rose.js" path="/Users/xumuchao/Desktop/GildedRose/GildedRose-Refactoring-Kata/js-jest/src/gilded_rose.js">
      <metrics statements="42" coveredstatements="42" conditionals="23" coveredconditionals="21" methods="15" coveredmethods="15"/>
      <line num="3" count="55" type="stmt"/>
      <line num="4" count="55" type="stmt"/>
      <line num="5" count="55" type="stmt"/>
      <line num="11" count="8" type="stmt"/>
      <line num="15" count="8" type="stmt"/>
      <line num="16" count="8" type="cond" truecount="2" falsecount="0"/>
      <line num="17" count="8" type="cond" truecount="2" falsecount="0"/>
      <line num="18" count="8" type="stmt"/>
      <line num="24" count="6" type="stmt"/>
      <line num="28" count="6" type="stmt"/>
      <line num="29" count="6" type="stmt"/>
      <line num="30" count="6" type="stmt"/>
      <line num="36" count="9" type="stmt"/>
      <line num="40" count="9" type="stmt"/>
      <line num="41" count="9" type="cond" truecount="2" falsecount="0"/>
      <line num="42" count="9" type="cond" truecount="2" falsecount="0"/>
      <line num="43" count="9" type="stmt"/>
      <line num="49" count="15" type="stmt"/>
      <line num="53" count="15" type="stmt"/>
      <line num="54" count="15" type="stmt"/>
      <line num="60" count="15" type="cond" truecount="2" falsecount="0"/>
      <line num="61" count="15" type="cond" truecount="2" falsecount="0"/>
      <line num="62" count="15" type="stmt"/>
      <line num="68" count="3" type="stmt"/>
      <line num="72" count="3" type="stmt"/>
      <line num="73" count="3" type="stmt"/>
      <line num="74" count="3" type="cond" truecount="1" falsecount="1"/>
      <line num="75" count="3" type="stmt"/>
      <line num="81" count="14" type="stmt"/>
      <line num="82" count="14" type="stmt"/>
      <line num="91" count="41" type="stmt"/>
      <line num="92" count="41" type="cond" truecount="4" falsecount="0"/>
      <line num="94" count="15" type="stmt"/>
      <line num="96" count="9" type="stmt"/>
      <line num="98" count="6" type="stmt"/>
      <line num="100" count="3" type="stmt"/>
      <line num="102" count="8" type="stmt"/>
      <line num="106" count="41" type="stmt"/>
      <line num="107" count="41" type="stmt"/>
      <line num="108" count="41" type="stmt"/>
      <line num="110" count="41" type="stmt"/>
      <line num="113" count="1" type="stmt"/>
    </file>
  </project>
</coverage>
