{"/Users/xumuchao/Desktop/GildedRose/GildedRose-Refactoring-Kata/js-jest/src/gilded_rose.js": {"path":"/Users/xumuchao/Desktop/GildedRose/GildedRose-Refactoring-Kata/js-jest/src/gilded_rose.js","statementMap":{"0":{"start":{"line":3,"column":4},"end":{"line":3,"column":21}},"1":{"start":{"line":4,"column":4},"end":{"line":4,"column":25}},"2":{"start":{"line":5,"column":4},"end":{"line":5,"column":27}},"3":{"start":{"line":11,"column":4},"end":{"line":11,"column":34}},"4":{"start":{"line":15,"column":4},"end":{"line":15,"column":18}},"5":{"start":{"line":16,"column":4},"end":{"line":16,"column":73}},"6":{"start":{"line":17,"column":4},"end":{"line":17,"column":55}},"7":{"start":{"line":18,"column":4},"end":{"line":18,"column":16}},"8":{"start":{"line":24,"column":4},"end":{"line":24,"column":57}},"9":{"start":{"line":28,"column":4},"end":{"line":28,"column":30}},"10":{"start":{"line":29,"column":4},"end":{"line":29,"column":22}},"11":{"start":{"line":30,"column":4},"end":{"line":30,"column":16}},"12":{"start":{"line":36,"column":4},"end":{"line":36,"column":40}},"13":{"start":{"line":40,"column":4},"end":{"line":40,"column":18}},"14":{"start":{"line":41,"column":4},"end":{"line":41,"column":73}},"15":{"start":{"line":42,"column":4},"end":{"line":42,"column":57}},"16":{"start":{"line":43,"column":4},"end":{"line":43,"column":16}},"17":{"start":{"line":49,"column":4},"end":{"line":49,"column":72}},"18":{"start":{"line":53,"column":4},"end":{"line":53,"column":18}},"19":{"start":{"line":54,"column":4},"end":{"line":59,"column":27}},"20":{"start":{"line":60,"column":4},"end":{"line":60,"column":54}},"21":{"start":{"line":61,"column":4},"end":{"line":61,"column":57}},"22":{"start":{"line":62,"column":4},"end":{"line":62,"column":16}},"23":{"start":{"line":68,"column":4},"end":{"line":68,"column":39}},"24":{"start":{"line":72,"column":4},"end":{"line":72,"column":18}},"25":{"start":{"line":73,"column":4},"end":{"line":73,"column":22}},"26":{"start":{"line":74,"column":4},"end":{"line":74,"column":55}},"27":{"start":{"line":75,"column":4},"end":{"line":75,"column":16}},"28":{"start":{"line":81,"column":4},"end":{"line":81,"column":23}},"29":{"start":{"line":82,"column":4},"end":{"line":87,"column":6}},"30":{"start":{"line":91,"column":56},"end":{"line":91,"column":70}},"31":{"start":{"line":92,"column":4},"end":{"line":101,"column":5}},"32":{"start":{"line":94,"column":8},"end":{"line":94,"column":66}},"33":{"start":{"line":96,"column":8},"end":{"line":96,"column":59}},"34":{"start":{"line":98,"column":8},"end":{"line":98,"column":59}},"35":{"start":{"line":100,"column":8},"end":{"line":100,"column":59}},"36":{"start":{"line":102,"column":4},"end":{"line":102,"column":50}},"37":{"start":{"line":106,"column":4},"end":{"line":109,"column":7}},"38":{"start":{"line":107,"column":28},"end":{"line":107,"column":49}},"39":{"start":{"line":108,"column":6},"end":{"line":108,"column":45}},"40":{"start":{"line":110,"column":4},"end":{"line":110,"column":22}},"41":{"start":{"line":113,"column":0},"end":{"line":116,"column":2}}},"fnMap":{"0":{"name":"(anonymous_0)","decl":{"start":{"line":2,"column":2},"end":{"line":2,"column":3}},"loc":{"start":{"line":2,"column":37},"end":{"line":6,"column":3}},"line":2},"1":{"name":"(anonymous_1)","decl":{"start":{"line":10,"column":2},"end":{"line":10,"column":3}},"loc":{"start":{"line":10,"column":31},"end":{"line":12,"column":3}},"line":10},"2":{"name":"(anonymous_2)","decl":{"start":{"line":14,"column":2},"end":{"line":14,"column":3}},"loc":{"start":{"line":14,"column":18},"end":{"line":19,"column":3}},"line":14},"3":{"name":"(anonymous_3)","decl":{"start":{"line":23,"column":2},"end":{"line":23,"column":3}},"loc":{"start":{"line":23,"column":31},"end":{"line":25,"column":3}},"line":23},"4":{"name":"(anonymous_4)","decl":{"start":{"line":27,"column":2},"end":{"line":27,"column":3}},"loc":{"start":{"line":27,"column":18},"end":{"line":31,"column":3}},"line":27},"5":{"name":"(anonymous_5)","decl":{"start":{"line":35,"column":2},"end":{"line":35,"column":3}},"loc":{"start":{"line":35,"column":31},"end":{"line":37,"column":3}},"line":35},"6":{"name":"(anonymous_6)","decl":{"start":{"line":39,"column":2},"end":{"line":39,"column":3}},"loc":{"start":{"line":39,"column":18},"end":{"line":44,"column":3}},"line":39},"7":{"name":"(anonymous_7)","decl":{"start":{"line":48,"column":2},"end":{"line":48,"column":3}},"loc":{"start":{"line":48,"column":31},"end":{"line":50,"column":3}},"line":48},"8":{"name":"(anonymous_8)","decl":{"start":{"line":52,"column":2},"end":{"line":52,"column":3}},"loc":{"start":{"line":52,"column":18},"end":{"line":63,"column":3}},"line":52},"9":{"name":"(anonymous_9)","decl":{"start":{"line":67,"column":2},"end":{"line":67,"column":3}},"loc":{"start":{"line":67,"column":31},"end":{"line":69,"column":3}},"line":67},"10":{"name":"(anonymous_10)","decl":{"start":{"line":71,"column":2},"end":{"line":71,"column":3}},"loc":{"start":{"line":71,"column":18},"end":{"line":76,"column":3}},"line":71},"11":{"name":"(anonymous_11)","decl":{"start":{"line":80,"column":2},"end":{"line":80,"column":3}},"loc":{"start":{"line":80,"column":26},"end":{"line":88,"column":3}},"line":80},"12":{"name":"(anonymous_12)","decl":{"start":{"line":90,"column":2},"end":{"line":90,"column":3}},"loc":{"start":{"line":90,"column":19},"end":{"line":103,"column":3}},"line":90},"13":{"name":"(anonymous_13)","decl":{"start":{"line":105,"column":2},"end":{"line":105,"column":3}},"loc":{"start":{"line":105,"column":18},"end":{"line":111,"column":3}},"line":105},"14":{"name":"(anonymous_14)","decl":{"start":{"line":106,"column":32},"end":{"line":106,"column":33}},"loc":{"start":{"line":106,"column":42},"end":{"line":109,"column":5}},"line":106}},"branchMap":{"0":{"loc":{"start":{"line":16,"column":19},"end":{"line":16,"column":72}},"type":"cond-expr","locations":[{"start":{"line":16,"column":37},"end":{"line":16,"column":53}},{"start":{"line":16,"column":56},"end":{"line":16,"column":72}}],"line":16},"1":{"loc":{"start":{"line":17,"column":19},"end":{"line":17,"column":54}},"type":"cond-expr","locations":[{"start":{"line":17,"column":38},"end":{"line":17,"column":39}},{"start":{"line":17,"column":42},"end":{"line":17,"column":54}}],"line":17},"2":{"loc":{"start":{"line":41,"column":19},"end":{"line":41,"column":72}},"type":"cond-expr","locations":[{"start":{"line":41,"column":37},"end":{"line":41,"column":53}},{"start":{"line":41,"column":56},"end":{"line":41,"column":72}}],"line":41},"3":{"loc":{"start":{"line":42,"column":19},"end":{"line":42,"column":56}},"type":"cond-expr","locations":[{"start":{"line":42,"column":39},"end":{"line":42,"column":41}},{"start":{"line":42,"column":44},"end":{"line":42,"column":56}}],"line":42},"4":{"loc":{"start":{"line":55,"column":6},"end":{"line":59,"column":26}},"type":"cond-expr","locations":[{"start":{"line":56,"column":10},"end":{"line":58,"column":28}},{"start":{"line":59,"column":10},"end":{"line":59,"column":26}}],"line":55},"5":{"loc":{"start":{"line":56,"column":10},"end":{"line":58,"column":28}},"type":"cond-expr","locations":[{"start":{"line":57,"column":12},"end":{"line":57,"column":28}},{"start":{"line":58,"column":12},"end":{"line":58,"column":28}}],"line":56},"6":{"loc":{"start":{"line":60,"column":19},"end":{"line":60,"column":53}},"type":"cond-expr","locations":[{"start":{"line":60,"column":37},"end":{"line":60,"column":38}},{"start":{"line":60,"column":41},"end":{"line":60,"column":53}}],"line":60},"7":{"loc":{"start":{"line":61,"column":19},"end":{"line":61,"column":56}},"type":"cond-expr","locations":[{"start":{"line":61,"column":39},"end":{"line":61,"column":41}},{"start":{"line":61,"column":44},"end":{"line":61,"column":56}}],"line":61},"8":{"loc":{"start":{"line":74,"column":19},"end":{"line":74,"column":54}},"type":"cond-expr","locations":[{"start":{"line":74,"column":38},"end":{"line":74,"column":39}},{"start":{"line":74,"column":42},"end":{"line":74,"column":54}}],"line":74},"9":{"loc":{"start":{"line":80,"column":14},"end":{"line":80,"column":24}},"type":"default-arg","locations":[{"start":{"line":80,"column":22},"end":{"line":80,"column":24}}],"line":80},"10":{"loc":{"start":{"line":92,"column":4},"end":{"line":101,"column":5}},"type":"switch","locations":[{"start":{"line":93,"column":6},"end":{"line":94,"column":66}},{"start":{"line":95,"column":6},"end":{"line":96,"column":59}},{"start":{"line":97,"column":6},"end":{"line":98,"column":59}},{"start":{"line":99,"column":6},"end":{"line":100,"column":59}}],"line":92}},"s":{"0":55,"1":55,"2":55,"3":8,"4":8,"5":8,"6":8,"7":8,"8":6,"9":6,"10":6,"11":6,"12":9,"13":9,"14":9,"15":9,"16":9,"17":15,"18":15,"19":15,"20":15,"21":15,"22":15,"23":3,"24":3,"25":3,"26":3,"27":3,"28":14,"29":14,"30":41,"31":41,"32":15,"33":9,"34":6,"35":3,"36":8,"37":41,"38":41,"39":41,"40":41,"41":1},"f":{"0":55,"1":8,"2":8,"3":6,"4":6,"5":9,"6":9,"7":15,"8":15,"9":3,"10":3,"11":14,"12":41,"13":41,"14":41},"b":{"0":[4,4],"1":[2,6],"2":[4,5],"3":[1,8],"4":[11,4],"5":[8,3],"6":[2,13],"7":[2,13],"8":[0,3],"9":[0],"10":[15,9,6,3]},"_coverageSchema":"43e27e138ebf9cfc5966b082cf9a028302ed4184","hash":"a3e6c2823d1fef9cb7691914c9b249d876dbfbf5"}
}
