TN:
SF:/Users/xumuchao/Desktop/GildedRose/GildedRose-Refactoring-Kata/js-jest/src/gilded_rose.js
FN:2,(anonymous_0)
FN:10,(anonymous_1)
FN:14,(anonymous_2)
FN:23,(anonymous_3)
FN:27,(anonymous_4)
FN:35,(anonymous_5)
FN:39,(anonymous_6)
FN:48,(anonymous_7)
FN:52,(anonymous_8)
FN:67,(anonymous_9)
FN:71,(anonymous_10)
FN:80,(anonymous_11)
FN:90,(anonymous_12)
FN:105,(anonymous_13)
FN:106,(anonymous_14)
FNF:15
FNH:15
FNDA:55,(anonymous_0)
FNDA:8,(anonymous_1)
FNDA:8,(anonymous_2)
FNDA:6,(anonymous_3)
FNDA:6,(anonymous_4)
FNDA:9,(anonymous_5)
FNDA:9,(anonymous_6)
FNDA:15,(anonymous_7)
FNDA:15,(anonymous_8)
FNDA:3,(anonymous_9)
FNDA:3,(anonymous_10)
FNDA:14,(anonymous_11)
FNDA:41,(anonymous_12)
FNDA:41,(anonymous_13)
FNDA:41,(anonymous_14)
DA:3,55
DA:4,55
DA:5,55
DA:11,8
DA:15,8
DA:16,8
DA:17,8
DA:18,8
DA:24,6
DA:28,6
DA:29,6
DA:30,6
DA:36,9
DA:40,9
DA:41,9
DA:42,9
DA:43,9
DA:49,15
DA:53,15
DA:54,15
DA:60,15
DA:61,15
DA:62,15
DA:68,3
DA:72,3
DA:73,3
DA:74,3
DA:75,3
DA:81,14
DA:82,14
DA:91,41
DA:92,41
DA:94,15
DA:96,9
DA:98,6
DA:100,3
DA:102,8
DA:106,41
DA:107,41
DA:108,41
DA:110,41
DA:113,1
LF:42
LH:42
BRDA:16,0,0,4
BRDA:16,0,1,4
BRDA:17,1,0,2
BRDA:17,1,1,6
BRDA:41,2,0,4
BRDA:41,2,1,5
BRDA:42,3,0,1
BRDA:42,3,1,8
BRDA:55,4,0,11
BRDA:55,4,1,4
BRDA:56,5,0,8
BRDA:56,5,1,3
BRDA:60,6,0,2
BRDA:60,6,1,13
BRDA:61,7,0,2
BRDA:61,7,1,13
BRDA:74,8,0,0
BRDA:74,8,1,3
BRDA:80,9,0,0
BRDA:92,10,0,15
BRDA:92,10,1,9
BRDA:92,10,2,6
BRDA:92,10,3,3
BRF:23
BRH:21
end_of_record
